#
# A fatal error has been detected by the Java Runtime Environment:
#
#  SIGSEGV (0xb) at pc=0x00007fff632b069d, pid=7130, tid=0x0000000000000307
#
# JRE version: Java(TM) SE Runtime Environment (8.0_111-b14) (build 1.8.0_111-b14)
# Java VM: Java HotSpot(TM) 64-Bit Server VM (25.111-b14 mixed mode bsd-amd64 compressed oops)
# Problematic frame:
# C  [libobjc.A.dylib+0x669d]  objc_msgSend+0x1d
#
# Failed to write core dump. Core dumps have been disabled. To enable core dumping, try "ulimit -c unlimited" before starting Java again
#
# If you would like to submit a bug report, please visit:
#   http://bugreport.java.com/bugreport/crash.jsp
# The crash happened outside the Java Virtual Machine in native code.
# See problematic frame for where to report the bug.
#

---------------  T H R E A D  ---------------

Current thread (0x00007fb4871b8000):  JavaThread "AWT-AppKit" daemon [_thread_in_native, id=775, stack(0x00007ffee0949000,0x00007ffee1149000)]

siginfo: si_signo: 11 (SIGSEGV), si_code: 1 (SEGV_MAPERR), si_addr: 0x0000000000000018

Registers:
RAX=0x00007fb4887f41a0, RBX=0x0000000119d02450, RCX=0x0000000000000001, RDX=0x0000000000000000
RSP=0x00007ffee1144158, RBP=0x00007ffee1144210, RSI=0x00007fff36cae537, RDI=0x00007fb4887f4a90
R8 =0x0000000048830179, R9 =0x00000000fdffffff, R10=0x0000000000000000, R11=0x00007fff36cae537
R12=0x0000000000000000, R13=0x000000011aad3098, R14=0x0000000119d02440, R15=0x00007fb4871b8000
RIP=0x00007fff632b069d, EFLAGS=0x0000000000010246, ERR=0x0000000000000004
  TRAPNO=0x000000000000000e

Top of Stack: (sp=0x00007ffee1144158)
0x00007ffee1144158:   0000000119d00157 00007ffee11441b0
0x00007ffee1144168:   0000000000000003 00007ffee1144190
0x00007ffee1144178:   000000010ecde7be 000000011aad3098
0x00007ffee1144188:   000000011aad3098 00007fb4887f41a0
0x00007ffee1144198:   0000000119d026a0 0000000119d02710
0x00007ffee11441a8:   00007fff93cd7838 00007fff953b1088
0x00007ffee11441b8:   0000000119d02450 0000000119d02690
0x00007ffee11441c8:   00007fb4887f41a0 00007fb4887f4a90
0x00007ffee11441d8:   00007fb485d06020 00007fb4887f41a0
0x00007ffee11441e8:   00007fb4887f4a90 00007ffee1144298
0x00007ffee11441f8:   00007fb4871b81f8 000000011aad3098
0x00007ffee1144208:   00007ffee11442c0 00007ffee1144288
0x00007ffee1144218:   000000011bfbc9f4 000000011aad3098
0x00007ffee1144228:   00007ffee11442c0 00007ffee1144288
0x00007ffee1144238:   000000011bfbc787 000000011bfbc742
0x00007ffee1144248:   00007ffee1144248 000000011aad3098
0x00007ffee1144258:   00007ffee11442c0 000000011aad5cd0
0x00007ffee1144268:   0000000000000000 000000011aad3098
0x00007ffee1144278:   0000000000000000 00007ffee11442a8
0x00007ffee1144288:   00007ffee1144308 000000011bfad2bd
0x00007ffee1144298:   00000007400b6c38 000000011bfb6538
0x00007ffee11442a8:   00007fb4887f41a0 00007ffee1144308
0x00007ffee11442b8:   00007fb4887f4a90 000000011bfb7e02
0x00007ffee11442c8:   00007ffee11442c8 000000011aad3262
0x00007ffee11442d8:   00007ffee1144330 000000011aad5cd0
0x00007ffee11442e8:   0000000000000000 000000011aad3270
0x00007ffee11442f8:   00007ffee11442a8 00007ffee1144318
0x00007ffee1144308:   00007ffee1144378 000000011bfad2bd
0x00007ffee1144318:   00007fb4887f41a0 0000000740aa1ec0
0x00007ffee1144328:   00007fb4887f4a90 0000000740aa1ec0
0x00007ffee1144338:   00007ffee1144338 000000016b53ea66
0x00007ffee1144348:   00007ffee1144388 000000016b53eb20 

Instructions: (pc=0x00007fff632b069d)
0x00007fff632b067d:   0f 1f 00 48 85 ff 2e 74 62 40 f6 c7 01 2e 75 66
0x00007fff632b068d:   49 ba f8 ff ff ff ff 7f 00 00 4c 23 17 49 89 f3
0x00007fff632b069d:   45 23 5a 18 49 c1 e3 04 4d 03 5a 10 49 3b 33 75
0x00007fff632b06ad:   04 41 ff 63 08 49 83 3b 01 76 0d 49 83 c3 10 49 

Register to memory mapping:

RAX=0x00007fb4887f41a0 is an unknown value
RBX=0x0000000119d02450: Java_jogamp_nativewindow_macosx_OSXUtil_GetScreenRefreshRate0+0x1cf0 in /private/var/folders/pz/j8__826d4wgc8hwg930pq10h0000gn/T/jogamp_0000/file_cache/jln516728061969583796/jln115876404916278765/libnativewindow_macosx.jnilib at 0x0000000119cfb000
RCX=0x0000000000000001 is an unknown value
RDX=0x0000000000000000 is an unknown value
RSP=0x00007ffee1144158 is pointing into the stack for thread: 0x00007fb4871b8000
RBP=0x00007ffee1144210 is pointing into the stack for thread: 0x00007fb4871b8000
RSI=0x00007fff36cae537: GCC_except_table7+0x9e9b in /System/Library/Frameworks/AppKit.framework/Versions/C/AppKit at 0x00007fff36107000
RDI=0x00007fb4887f4a90 is an unknown value
R8 =0x0000000048830179 is an unknown value
R9 =0x00000000fdffffff is an unknown value
R10=0x0000000000000000 is an unknown value
R11=0x00007fff36cae537: GCC_except_table7+0x9e9b in /System/Library/Frameworks/AppKit.framework/Versions/C/AppKit at 0x00007fff36107000
R12=0x0000000000000000 is an unknown value
R13={method} {0x000000011aad3098} 'UnsetJAWTRootSurfaceLayer0' '(JJ)V' in 'jogamp/nativewindow/jawt/macosx/MacOSXJAWTWindow'
R14=0x0000000119d02440: Java_jogamp_nativewindow_macosx_OSXUtil_GetScreenRefreshRate0+0x1ce0 in /private/var/folders/pz/j8__826d4wgc8hwg930pq10h0000gn/T/jogamp_0000/file_cache/jln516728061969583796/jln115876404916278765/libnativewindow_macosx.jnilib at 0x0000000119cfb000
R15=0x00007fb4871b8000 is a thread


Stack: [0x00007ffee0949000,0x00007ffee1149000],  sp=0x00007ffee1144158,  free space=8172k
Native frames: (J=compiled Java code, j=interpreted, Vv=VM code, C=native code)
C  [libobjc.A.dylib+0x669d]  objc_msgSend+0x1d
j  jogamp.nativewindow.jawt.macosx.MacOSXJAWTWindow.UnsetJAWTRootSurfaceLayer0(JJ)V+0
j  jogamp.nativewindow.jawt.macosx.MacOSXJAWTWindow.access$200(JJ)V+2
j  jogamp.nativewindow.jawt.macosx.MacOSXJAWTWindow$1.run()V+38
J 2259 C1 com.jogamp.common.util.RunnableTask.run()V (345 bytes) @ 0x000000011c7db7b4 [0x000000011c7db620+0x194]
v  ~StubRoutines::call_stub
V  [libjvm.dylib+0x2ecf8a]  JavaCalls::call_helper(JavaValue*, methodHandle*, JavaCallArguments*, Thread*)+0x6ae
V  [libjvm.dylib+0x324119]  jni_invoke_nonstatic(JNIEnv_*, JavaValue*, _jobject*, JNICallType, _jmethodID*, JNI_ArgumentPusher*, Thread*)+0x2ec
V  [libjvm.dylib+0x3168e7]  jni_CallVoidMethod+0x16b
C  [libnativewindow_macosx.jnilib+0x5326]  Java_jogamp_nativewindow_jawt_macosx_MacOSXJAWTWindow_UnsetJAWTRootSurfaceLayer0+0x2b6
C  [Foundation+0xb0302]  __NSThreadPerformPerform+0x148
C  [CoreFoundation+0x57e33]  __CFRUNLOOP_IS_CALLING_OUT_TO_A_SOURCE0_PERFORM_FUNCTION__+0x11
C  [CoreFoundation+0x57dd9]  __CFRunLoopDoSource0+0x6c
C  [CoreFoundation+0x3b79b]  __CFRunLoopDoSources0+0xc3
C  [CoreFoundation+0x3ad65]  __CFRunLoopRun+0x4a5
C  [CoreFoundation+0x3a66e]  CFRunLoopRunSpecific+0x1c7
C  [HIToolbox+0xb1ab]  RunCurrentEventLoopInMode+0x124
C  [HIToolbox+0xaded]  ReceiveNextEventCommon+0x163
C  [HIToolbox+0xac76]  _BlockUntilNextEventMatchingListInModeWithFilter+0x40
C  [AppKit+0x1a77d]  _DPSNextEvent+0x46f
C  [AppKit+0x1946b]  -[NSApplication(NSEvent) _nextEventMatchingEventMask:untilDate:inMode:dequeue:]+0x551
C  [libosxapp.dylib+0x23aa]  -[NSApplicationAWT nextEventMatchingMask:untilDate:inMode:dequeue:]+0x7c
C  [AppKit+0x13588]  -[NSApplication run]+0x2bb
C  [libosxapp.dylib+0x214d]  +[NSApplicationAWT runAWTLoopWithApp:]+0x9c
C  [libawt_lwawt.dylib+0x444b3]  -[AWTStarter starter:]+0x389
C  [Foundation+0xb0302]  __NSThreadPerformPerform+0x148
C  [CoreFoundation+0x57e33]  __CFRUNLOOP_IS_CALLING_OUT_TO_A_SOURCE0_PERFORM_FUNCTION__+0x11
C  [CoreFoundation+0x57dd9]  __CFRunLoopDoSource0+0x6c
C  [CoreFoundation+0x3b79b]  __CFRunLoopDoSources0+0xc3
C  [CoreFoundation+0x3ad65]  __CFRunLoopRun+0x4a5
C  [CoreFoundation+0x3a66e]  CFRunLoopRunSpecific+0x1c7
C  [java+0x6465]  CreateExecutionEnvironment+0x367
C  [java+0x218c]  JLI_Launch+0x7a0
C  [java+0x84c2]  main+0x65
C  [java+0x19e4]  start+0x34
C  0x0000000000000007

Java frames: (J=compiled Java code, j=interpreted, Vv=VM code)
j  jogamp.nativewindow.jawt.macosx.MacOSXJAWTWindow.UnsetJAWTRootSurfaceLayer0(JJ)V+0
j  jogamp.nativewindow.jawt.macosx.MacOSXJAWTWindow.access$200(JJ)V+2
j  jogamp.nativewindow.jawt.macosx.MacOSXJAWTWindow$1.run()V+38
J 2259 C1 com.jogamp.common.util.RunnableTask.run()V (345 bytes) @ 0x000000011c7db7b4 [0x000000011c7db620+0x194]
v  ~StubRoutines::call_stub

---------------  P R O C E S S  ---------------

Java Threads: ( => current thread )
  0x00007fb48b006000 JavaThread "Thread-7" [_thread_blocked, id=71767, stack(0x0000700003e2b000,0x0000700003f2b000)]
  0x00007fb4872e1000 JavaThread "AWT-EventQueue-1" [_thread_in_native, id=74771, stack(0x000070000474f000,0x000070000484f000)]
  0x00007fb486958000 JavaThread "DestroyJavaVM" [_thread_blocked, id=3843, stack(0x0000700002f7e000,0x000070000307e000)]
  0x00007fb48727e800 JavaThread "AWT-EventQueue-0" [_thread_blocked, id=52995, stack(0x0000700004549000,0x0000700004649000)]
  0x00007fb4868f9800 JavaThread "Java2D Disposer" daemon [_thread_blocked, id=78867, stack(0x00007000042c0000,0x00007000043c0000)]
  0x00007fb4868e2800 JavaThread "Java2D Queue Flusher" daemon [_thread_blocked, id=86375, stack(0x00007000041bd000,0x00007000042bd000)]
  0x00007fb4868c8800 JavaThread "AWT-Shutdown" [_thread_blocked, id=26159, stack(0x0000700003f31000,0x0000700004031000)]
=>0x00007fb4871b8000 JavaThread "AWT-AppKit" daemon [_thread_in_native, id=775, stack(0x00007ffee0949000,0x00007ffee1149000)]
  0x00007fb487058800 JavaThread "Service Thread" daemon [_thread_blocked, id=14851, stack(0x0000700003c25000,0x0000700003d25000)]
  0x00007fb487056000 JavaThread "C1 CompilerThread2" daemon [_thread_blocked, id=14595, stack(0x0000700003b22000,0x0000700003c22000)]
  0x00007fb487055000 JavaThread "C2 CompilerThread1" daemon [_thread_blocked, id=14339, stack(0x0000700003a1f000,0x0000700003b1f000)]
  0x00007fb48781e800 JavaThread "C2 CompilerThread0" daemon [_thread_blocked, id=14083, stack(0x000070000391c000,0x0000700003a1c000)]
  0x00007fb48781e000 JavaThread "Signal Dispatcher" daemon [_thread_blocked, id=13827, stack(0x0000700003819000,0x0000700003919000)]
  0x00007fb487039000 JavaThread "Finalizer" daemon [_thread_blocked, id=11779, stack(0x0000700003716000,0x0000700003816000)]
  0x00007fb487030800 JavaThread "Reference Handler" daemon [_thread_blocked, id=20739, stack(0x0000700003613000,0x0000700003713000)]

Other Threads:
  0x00007fb487805000 VMThread [stack: 0x0000700003510000,0x0000700003610000] [id=20995]
  0x00007fb486006800 WatcherThread [stack: 0x0000700003d28000,0x0000700003e28000] [id=18179]

VM state:not at safepoint (normal execution)

VM Mutex/Monitor currently owned by a thread: None

Heap:
 PSYoungGen      total 31744K, used 31077K [0x0000000795580000, 0x00000007a9400000, 0x00000007c0000000)
  eden space 31232K, 99% used [0x0000000795580000,0x00000007973b9720,0x0000000797400000)
  from space 512K, 25% used [0x00000007a9300000,0x00000007a9320000,0x00000007a9380000)
  to   space 512K, 0% used [0x00000007a9380000,0x00000007a9380000,0x00000007a9400000)
 ParOldGen       total 87552K, used 16213K [0x0000000740000000, 0x0000000745580000, 0x0000000795580000)
  object space 87552K, 18% used [0x0000000740000000,0x0000000740fd56f0,0x0000000745580000)
 Metaspace       used 19692K, capacity 19893K, committed 19968K, reserved 1067008K
  class space    used 1928K, capacity 2017K, committed 2048K, reserved 1048576K

Card table byte_map: [0x00000001107c0000,0x0000000110bc1000] byte_map_base: 0x000000010cdc0000

Marking Bits: (ParMarkBitMap*) 0x000000010f3dbd20
 Begin Bits: [0x0000000110e6c000, 0x0000000112e6c000)
 End Bits:   [0x0000000112e6c000, 0x0000000114e6c000)

Polling page: 0x000000010fad0000

CodeCache: size=245760Kb used=7931Kb max_used=9026Kb free=237828Kb
 bounds [0x000000011bfa5000, 0x000000011c895000, 0x000000012afa5000]
 total_blobs=3047 nmethods=2172 adapters=789
 compilation: enabled

Compilation events (10 events):
Event: 40.531 Thread 0x00007fb487056000 2642       3       java.util.HashMap::remove (26 bytes)
Event: 40.532 Thread 0x00007fb487056000 nmethod 2642 0x000000011c5fb650 code [0x000000011c5fb7e0, 0x000000011c5fbbf8]
Event: 40.533 Thread 0x00007fb487056000 2643       3       sun.awt.AWTAccessor::getComponentAccessor (18 bytes)
Event: 40.533 Thread 0x00007fb48781e800 2644  s    4       sun.misc.URLClassPath::getNextLoader (88 bytes)
Event: 40.533 Thread 0x00007fb487056000 nmethod 2643 0x000000011c711910 code [0x000000011c711a80, 0x000000011c711cc8]
Event: 40.533 Thread 0x00007fb487055000 2645  s!   4       sun.misc.URLClassPath::getLoader (197 bytes)
Event: 40.536 Thread 0x00007fb487056000 2646       3       java.util.LinkedHashMap::afterNodeRemoval (65 bytes)
Event: 40.537 Thread 0x00007fb487056000 nmethod 2646 0x000000011c57e3d0 code [0x000000011c57e540, 0x000000011c57e8f0]
Event: 40.541 Thread 0x00007fb487055000 nmethod 2645 0x000000011c3a9190 code [0x000000011c3a9300, 0x000000011c3a9ad8]
Event: 40.541 Thread 0x00007fb48781e800 nmethod 2644 0x000000011c25d4d0 code [0x000000011c25d640, 0x000000011c25ddb8]

GC Heap History (10 events):
Event: 40.056 GC heap before
{Heap before GC invocations=215 (full 0):
 PSYoungGen      total 34304K, used 33920K [0x0000000795580000, 0x00000007a9400000, 0x00000007c0000000)
  eden space 33792K, 100% used [0x0000000795580000,0x0000000797680000,0x0000000797680000)
  from space 512K, 25% used [0x00000007a9380000,0x00000007a93a0000,0x00000007a9400000)
  to   space 512K, 0% used [0x00000007a9300000,0x00000007a9300000,0x00000007a9380000)
 ParOldGen       total 87552K, used 16213K [0x0000000740000000, 0x0000000745580000, 0x0000000795580000)
  object space 87552K, 18% used [0x0000000740000000,0x0000000740fd56f0,0x0000000745580000)
 Metaspace       used 19656K, capacity 19893K, committed 19968K, reserved 1067008K
  class space    used 1920K, capacity 2017K, committed 2048K, reserved 1048576K
Event: 40.057 GC heap after
Heap after GC invocations=215 (full 0):
 PSYoungGen      total 33792K, used 96K [0x0000000795580000, 0x00000007a9400000, 0x00000007c0000000)
  eden space 33280K, 0% used [0x0000000795580000,0x0000000795580000,0x0000000797600000)
  from space 512K, 18% used [0x00000007a9300000,0x00000007a9318000,0x00000007a9380000)
  to   space 512K, 0% used [0x00000007a9380000,0x00000007a9380000,0x00000007a9400000)
 ParOldGen       total 87552K, used 16213K [0x0000000740000000, 0x0000000745580000, 0x0000000795580000)
  object space 87552K, 18% used [0x0000000740000000,0x0000000740fd56f0,0x0000000745580000)
 Metaspace       used 19656K, capacity 19893K, committed 19968K, reserved 1067008K
  class space    used 1920K, capacity 2017K, committed 2048K, reserved 1048576K
}
Event: 40.154 GC heap before
{Heap before GC invocations=216 (full 0):
 PSYoungGen      total 33792K, used 33376K [0x0000000795580000, 0x00000007a9400000, 0x00000007c0000000)
  eden space 33280K, 100% used [0x0000000795580000,0x0000000797600000,0x0000000797600000)
  from space 512K, 18% used [0x00000007a9300000,0x00000007a9318000,0x00000007a9380000)
  to   space 512K, 0% used [0x00000007a9380000,0x00000007a9380000,0x00000007a9400000)
 ParOldGen       total 87552K, used 16213K [0x0000000740000000, 0x0000000745580000, 0x0000000795580000)
  object space 87552K, 18% used [0x0000000740000000,0x0000000740fd56f0,0x0000000745580000)
 Metaspace       used 19656K, capacity 19893K, committed 19968K, reserved 1067008K
  class space    used 1920K, capacity 2017K, committed 2048K, reserved 1048576K
Event: 40.155 GC heap after
Heap after GC invocations=216 (full 0):
 PSYoungGen      total 33280K, used 128K [0x0000000795580000, 0x00000007a9400000, 0x00000007c0000000)
  eden space 32768K, 0% used [0x0000000795580000,0x0000000795580000,0x0000000797580000)
  from space 512K, 25% used [0x00000007a9380000,0x00000007a93a0000,0x00000007a9400000)
  to   space 512K, 0% used [0x00000007a9300000,0x00000007a9300000,0x00000007a9380000)
 ParOldGen       total 87552K, used 16213K [0x0000000740000000, 0x0000000745580000, 0x0000000795580000)
  object space 87552K, 18% used [0x0000000740000000,0x0000000740fd56f0,0x0000000745580000)
 Metaspace       used 19656K, capacity 19893K, committed 19968K, reserved 1067008K
  class space    used 1920K, capacity 2017K, committed 2048K, reserved 1048576K
}
Event: 40.251 GC heap before
{Heap before GC invocations=217 (full 0):
 PSYoungGen      total 33280K, used 32896K [0x0000000795580000, 0x00000007a9400000, 0x00000007c0000000)
  eden space 32768K, 100% used [0x0000000795580000,0x0000000797580000,0x0000000797580000)
  from space 512K, 25% used [0x00000007a9380000,0x00000007a93a0000,0x00000007a9400000)
  to   space 512K, 0% used [0x00000007a9300000,0x00000007a9300000,0x00000007a9380000)
 ParOldGen       total 87552K, used 16213K [0x0000000740000000, 0x0000000745580000, 0x0000000795580000)
  object space 87552K, 18% used [0x0000000740000000,0x0000000740fd56f0,0x0000000745580000)
 Metaspace       used 19656K, capacity 19893K, committed 19968K, reserved 1067008K
  class space    used 1920K, capacity 2017K, committed 2048K, reserved 1048576K
Event: 40.252 GC heap after
Heap after GC invocations=217 (full 0):
 PSYoungGen      total 32768K, used 128K [0x0000000795580000, 0x00000007a9400000, 0x00000007c0000000)
  eden space 32256K, 0% used [0x0000000795580000,0x0000000795580000,0x0000000797500000)
  from space 512K, 25% used [0x00000007a9300000,0x00000007a9320000,0x00000007a9380000)
  to   space 512K, 0% used [0x00000007a9380000,0x00000007a9380000,0x00000007a9400000)
 ParOldGen       total 87552K, used 16213K [0x0000000740000000, 0x0000000745580000, 0x0000000795580000)
  object space 87552K, 18% used [0x0000000740000000,0x0000000740fd56f0,0x0000000745580000)
 Metaspace       used 19656K, capacity 19893K, committed 19968K, reserved 1067008K
  class space    used 1920K, capacity 2017K, committed 2048K, reserved 1048576K
}
Event: 40.328 GC heap before
{Heap before GC invocations=218 (full 0):
 PSYoungGen      total 32768K, used 32384K [0x0000000795580000, 0x00000007a9400000, 0x00000007c0000000)
  eden space 32256K, 100% used [0x0000000795580000,0x0000000797500000,0x0000000797500000)
  from space 512K, 25% used [0x00000007a9300000,0x00000007a9320000,0x00000007a9380000)
  to   space 512K, 0% used [0x00000007a9380000,0x00000007a9380000,0x00000007a9400000)
 ParOldGen       total 87552K, used 16213K [0x0000000740000000, 0x0000000745580000, 0x0000000795580000)
  object space 87552K, 18% used [0x0000000740000000,0x0000000740fd56f0,0x0000000745580000)
 Metaspace       used 19656K, capacity 19893K, committed 19968K, reserved 1067008K
  class space    used 1920K, capacity 2017K, committed 2048K, reserved 1048576K
Event: 40.328 GC heap after
Heap after GC invocations=218 (full 0):
 PSYoungGen      total 32256K, used 128K [0x0000000795580000, 0x00000007a9400000, 0x00000007c0000000)
  eden space 31744K, 0% used [0x0000000795580000,0x0000000795580000,0x0000000797480000)
  from space 512K, 25% used [0x00000007a9380000,0x00000007a93a0000,0x00000007a9400000)
  to   space 512K, 0% used [0x00000007a9300000,0x00000007a9300000,0x00000007a9380000)
 ParOldGen       total 87552K, used 16213K [0x0000000740000000, 0x0000000745580000, 0x0000000795580000)
  object space 87552K, 18% used [0x0000000740000000,0x0000000740fd56f0,0x0000000745580000)
 Metaspace       used 19656K, capacity 19893K, committed 19968K, reserved 1067008K
  class space    used 1920K, capacity 2017K, committed 2048K, reserved 1048576K
}
Event: 40.422 GC heap before
{Heap before GC invocations=219 (full 0):
 PSYoungGen      total 32256K, used 31872K [0x0000000795580000, 0x00000007a9400000, 0x00000007c0000000)
  eden space 31744K, 100% used [0x0000000795580000,0x0000000797480000,0x0000000797480000)
  from space 512K, 25% used [0x00000007a9380000,0x00000007a93a0000,0x00000007a9400000)
  to   space 512K, 0% used [0x00000007a9300000,0x00000007a9300000,0x00000007a9380000)
 ParOldGen       total 87552K, used 16213K [0x0000000740000000, 0x0000000745580000, 0x0000000795580000)
  object space 87552K, 18% used [0x0000000740000000,0x0000000740fd56f0,0x0000000745580000)
 Metaspace       used 19656K, capacity 19893K, committed 19968K, reserved 1067008K
  class space    used 1920K, capacity 2017K, committed 2048K, reserved 1048576K
Event: 40.423 GC heap after
Heap after GC invocations=219 (full 0):
 PSYoungGen      total 31744K, used 128K [0x0000000795580000, 0x00000007a9400000, 0x00000007c0000000)
  eden space 31232K, 0% used [0x0000000795580000,0x0000000795580000,0x0000000797400000)
  from space 512K, 25% used [0x00000007a9300000,0x00000007a9320000,0x00000007a9380000)
  to   space 512K, 0% used [0x00000007a9380000,0x00000007a9380000,0x00000007a9400000)
 ParOldGen       total 87552K, used 16213K [0x0000000740000000, 0x0000000745580000, 0x0000000795580000)
  object space 87552K, 18% used [0x0000000740000000,0x0000000740fd56f0,0x0000000745580000)
 Metaspace       used 19656K, capacity 19893K, committed 19968K, reserved 1067008K
  class space    used 1920K, capacity 2017K, committed 2048K, reserved 1048576K
}

Deoptimization events (10 events):
Event: 4.234 Thread 0x00007fb4872e1000 Uncommon trap: reason=unstable_if action=reinterpret pc=0x000000011c434670 method=jogamp.opengl.glu.tessellator.Geom.EdgeSign(Ljogamp/opengl/glu/tessellator/GLUvertex;Ljogamp/opengl/glu/tessellator/GLUvertex;Ljogamp/opengl/glu/tessellator/GLUvertex;)D @ 5
Event: 4.257 Thread 0x00007fb4875d6800 Uncommon trap: reason=unstable_if action=reinterpret pc=0x000000011c3b4454 method=java.lang.String.regionMatches(ZILjava/lang/String;II)Z @ 123
Event: 4.258 Thread 0x00007fb4872e1000 Uncommon trap: reason=unstable_if action=reinterpret pc=0x000000011c3694d0 method=java.lang.String.trim()Ljava/lang/String; @ 23
Event: 4.275 Thread 0x00007fb4875d6800 Uncommon trap: reason=class_check action=maybe_recompile pc=0x000000011c3b9198 method=java.util.Arrays.copyOf([Ljava/lang/Object;ILjava/lang/Class;)[Ljava/lang/Object; @ 24
Event: 4.469 Thread 0x00007fb4872e1000 Uncommon trap: reason=unstable_if action=reinterpret pc=0x000000011c4c2ea0 method=jogamp.opengl.glu.tessellator.GLUtessellatorImpl.gluTessVertex([DILjava/lang/Object;)V @ 17
Event: 40.481 Thread 0x00007fb4872e1000 Uncommon trap: reason=class_check action=maybe_recompile pc=0x000000011c3b9198 method=java.util.Arrays.copyOf([Ljava/lang/Object;ILjava/lang/Class;)[Ljava/lang/Object; @ 24
Event: 40.481 Thread 0x00007fb4872e1000 Uncommon trap: reason=class_check action=maybe_recompile pc=0x000000011c3b9198 method=java.util.Arrays.copyOf([Ljava/lang/Object;ILjava/lang/Class;)[Ljava/lang/Object; @ 24
Event: 40.531 Thread 0x00007fb4878c4000 Uncommon trap: reason=unstable_if action=reinterpret pc=0x000000011c55fcd4 method=java.util.HashMap.putVal(ILjava/lang/Object;Ljava/lang/Object;ZZ)Ljava/lang/Object; @ 81
Event: 40.551 Thread 0x00007fb4872e1000 Uncommon trap: reason=unstable_if action=reinterpret pc=0x000000011c52ffb0 method=java.security.AccessControlContext.optimize()Ljava/security/AccessControlContext; @ 233
Event: 40.552 Thread 0x00007fb48b006000 Uncommon trap: reason=predicate action=maybe_recompile pc=0x000000011c0b8364 method=java.util.Vector.indexOf(Ljava/lang/Object;I)I @ 44

Internal exceptions (10 events):
Event: 0.262 Thread 0x00007fb486005800 Exception <a 'java/lang/NoSuchFieldError': method resolution failed> (0x0000000795786c18) thrown at [/Users/java_re/workspace/8-2-build-macosx-x86_64/jdk8u111/7883/hotspot/src/share/vm/prims/methodHandles.cpp, line 1146]
Event: 0.264 Thread 0x00007fb486005800 Exception <a 'java/lang/NoSuchFieldError': method resolution failed> (0x00000007957943e8) thrown at [/Users/java_re/workspace/8-2-build-macosx-x86_64/jdk8u111/7883/hotspot/src/share/vm/prims/methodHandles.cpp, line 1146]
Event: 0.500 Thread 0x00007fb486005800 Exception <a 'java/io/FileNotFoundException'> (0x000000079580fb80) thrown at [/Users/java_re/workspace/8-2-build-macosx-x86_64/jdk8u111/7883/hotspot/src/share/vm/prims/jni.cpp, line 709]
Event: 0.500 Thread 0x00007fb486005800 Exception <a 'java/io/FileNotFoundException'> (0x0000000795810708) thrown at [/Users/java_re/workspace/8-2-build-macosx-x86_64/jdk8u111/7883/hotspot/src/share/vm/prims/jni.cpp, line 709]
Event: 0.663 Thread 0x00007fb486005800 Exception <a 'java/io/FileNotFoundException'> (0x000000079594d898) thrown at [/Users/java_re/workspace/8-2-build-macosx-x86_64/jdk8u111/7883/hotspot/src/share/vm/prims/jni.cpp, line 709]
Event: 2.900 Thread 0x00007fb486969800 Exception <a 'java/lang/UnsatisfiedLinkError': com.jogamp.common.util.JarUtil.fixNativeLibAttribs(Ljava/lang/String;)Z> (0x0000000796b2cb80) thrown at [/Users/java_re/workspace/8-2-build-macosx-x86_64/jdk8u111/7883/hotspot/src/share/vm/prims/nativeLookup.
Event: 3.238 Thread 0x00007fb487039000 Exception <a 'java/lang/NullPointerException'> (0x00000007956a6520) thrown at [/Users/java_re/workspace/8-2-build-macosx-x86_64/jdk8u111/7883/hotspot/src/share/vm/interpreter/linkResolver.cpp, line 1178]
Event: 3.820 Thread 0x00007fb4872e1000 Exception <a 'java/io/FileNotFoundException'> (0x0000000795e50698) thrown at [/Users/java_re/workspace/8-2-build-macosx-x86_64/jdk8u111/7883/hotspot/src/share/vm/prims/jni.cpp, line 709]
Event: 3.821 Thread 0x00007fb4872e1000 Exception <a 'java/io/FileNotFoundException'> (0x0000000795e56e80) thrown at [/Users/java_re/workspace/8-2-build-macosx-x86_64/jdk8u111/7883/hotspot/src/share/vm/prims/jni.cpp, line 709]
Event: 3.821 Thread 0x00007fb4872e1000 Implicit null exception at 0x000000011c14ab36 to 0x000000011c14af05

Events (10 events):
Event: 40.551 loading class java/awt/event/AWTEventListenerProxy
Event: 40.551 loading class java/awt/event/AWTEventListenerProxy done
Event: 40.551 loading class java/awt/Toolkit$ToolkitEventMulticaster
Event: 40.551 loading class java/awt/Toolkit$ToolkitEventMulticaster done
Event: 40.552 Thread 0x00007fb48b006000 Uncommon trap: trap_request=0xffffff86 fr.pc=0x000000011c0b8364
Event: 40.552 Thread 0x00007fb48b006000 DEOPT PACKING pc=0x000000011c0b8364 sp=0x0000700003f2a810
Event: 40.552 Thread 0x00007fb48b006000 DEOPT UNPACKING pc=0x000000011bfaa229 sp=0x0000700003f2a7c0 mode 2
Event: 40.552 loading class java/awt/Window$1DisposeAction
Event: 40.552 loading class java/awt/Window$1DisposeAction done
Event: 40.552 Thread 0x00007fb4878c4000 Thread exited: 0x00007fb4878c4000


Dynamic libraries:
0x000000000d178000 	/System/Library/Frameworks/Cocoa.framework/Versions/A/Cocoa
0x000000000d178000 	/System/Library/Frameworks/Security.framework/Versions/A/Security
0x000000000d178000 	/System/Library/Frameworks/ApplicationServices.framework/Versions/A/ApplicationServices
0x000000000d178000 	/usr/lib/libz.1.dylib
0x000000000d178000 	/usr/lib/libSystem.B.dylib
0x000000000d178000 	/usr/lib/libobjc.A.dylib
0x000000000d178000 	/System/Library/Frameworks/CoreFoundation.framework/Versions/A/CoreFoundation
0x000000000d178000 	/System/Library/Frameworks/Foundation.framework/Versions/C/Foundation
0x000000000d178000 	/System/Library/Frameworks/AppKit.framework/Versions/C/AppKit
0x000000000d178000 	/System/Library/Frameworks/CoreData.framework/Versions/A/CoreData
0x000000000d178000 	/System/Library/PrivateFrameworks/RemoteViewServices.framework/Versions/A/RemoteViewServices
0x000000000d178000 	/System/Library/PrivateFrameworks/UIFoundation.framework/Versions/A/UIFoundation
0x000000000d178000 	/System/Library/PrivateFrameworks/XCTTargetBootstrap.framework/Versions/A/XCTTargetBootstrap
0x000000000d178000 	/System/Library/Frameworks/CoreDisplay.framework/Versions/A/CoreDisplay
0x000000000d178000 	/System/Library/PrivateFrameworks/IconServices.framework/Versions/A/IconServices
0x000000000d178000 	/System/Library/Frameworks/Metal.framework/Versions/A/Metal
0x000000000d178000 	/System/Library/PrivateFrameworks/DesktopServicesPriv.framework/Versions/A/DesktopServicesPriv
0x000000000d178000 	/usr/lib/libenergytrace.dylib
0x000000000d178000 	/System/Library/PrivateFrameworks/SkyLight.framework/Versions/A/SkyLight
0x000000000d178000 	/System/Library/Frameworks/CoreGraphics.framework/Versions/A/CoreGraphics
0x000000000d178000 	/System/Library/Frameworks/Accelerate.framework/Versions/A/Accelerate
0x000000000d178000 	/System/Library/Frameworks/IOSurface.framework/Versions/A/IOSurface
0x000000000d178000 	/System/Library/PrivateFrameworks/DFRFoundation.framework/Versions/A/DFRFoundation
0x000000000d178000 	/System/Library/Frameworks/AudioToolbox.framework/Versions/A/AudioToolbox
0x000000000d178000 	/System/Library/Frameworks/AudioUnit.framework/Versions/A/AudioUnit
0x000000000d178000 	/System/Library/PrivateFrameworks/DataDetectorsCore.framework/Versions/A/DataDetectorsCore
0x000000000d178000 	/System/Library/Frameworks/Carbon.framework/Versions/A/Frameworks/HIToolbox.framework/Versions/A/HIToolbox
0x000000000d178000 	/usr/lib/libicucore.A.dylib
0x000000000d178000 	/System/Library/Frameworks/QuartzCore.framework/Versions/A/QuartzCore
0x000000000d178000 	/System/Library/Frameworks/Carbon.framework/Versions/A/Frameworks/SpeechRecognition.framework/Versions/A/SpeechRecognition
0x000000000d178000 	/usr/lib/libauto.dylib
0x000000000d178000 	/usr/lib/libxml2.2.dylib
0x000000000d178000 	/System/Library/PrivateFrameworks/CoreUI.framework/Versions/A/CoreUI
0x000000000d178000 	/System/Library/Frameworks/CoreAudio.framework/Versions/A/CoreAudio
0x000000000d178000 	/System/Library/Frameworks/DiskArbitration.framework/Versions/A/DiskArbitration
0x000000000d178000 	/usr/lib/liblangid.dylib
0x000000000d178000 	/System/Library/PrivateFrameworks/MultitouchSupport.framework/Versions/A/MultitouchSupport
0x000000000d178000 	/System/Library/Frameworks/IOKit.framework/Versions/A/IOKit
0x000000000d178000 	/usr/lib/libDiagnosticMessagesClient.dylib
0x000000000d178000 	/System/Library/Frameworks/CoreServices.framework/Versions/A/CoreServices
0x000000000d178000 	/System/Library/PrivateFrameworks/PerformanceAnalysis.framework/Versions/A/PerformanceAnalysis
0x000000000d178000 	/System/Library/Frameworks/OpenGL.framework/Versions/A/OpenGL
0x000000000d178000 	/System/Library/Frameworks/ColorSync.framework/Versions/A/ColorSync
0x000000000d178000 	/System/Library/Frameworks/CoreImage.framework/Versions/A/CoreImage
0x000000000d178000 	/System/Library/Frameworks/CoreText.framework/Versions/A/CoreText
0x000000000d178000 	/System/Library/Frameworks/ImageIO.framework/Versions/A/ImageIO
0x000000000d178000 	/System/Library/PrivateFrameworks/Backup.framework/Versions/A/Backup
0x000000000d178000 	/usr/lib/libarchive.2.dylib
0x000000000d178000 	/System/Library/Frameworks/CFNetwork.framework/Versions/A/CFNetwork
0x000000000d178000 	/System/Library/Frameworks/SystemConfiguration.framework/Versions/A/SystemConfiguration
0x000000000d178000 	/usr/lib/libCRFSuite.dylib
0x000000000d178000 	/usr/lib/libc++.1.dylib
0x000000000d178000 	/usr/lib/libc++abi.dylib
0x000000000d178000 	/usr/lib/system/libcache.dylib
0x000000000d178000 	/usr/lib/system/libcommonCrypto.dylib
0x000000000d178000 	/usr/lib/system/libcompiler_rt.dylib
0x000000000d178000 	/usr/lib/system/libcopyfile.dylib
0x000000000d178000 	/usr/lib/system/libcorecrypto.dylib
0x000000000d178000 	/usr/lib/system/libdispatch.dylib
0x000000000d178000 	/usr/lib/system/libdyld.dylib
0x000000000d178000 	/usr/lib/system/libkeymgr.dylib
0x000000000d178000 	/usr/lib/system/liblaunch.dylib
0x000000000d178000 	/usr/lib/system/libmacho.dylib
0x000000000d178000 	/usr/lib/system/libquarantine.dylib
0x000000000d178000 	/usr/lib/system/libremovefile.dylib
0x000000000d178000 	/usr/lib/system/libsystem_asl.dylib
0x000000000d178000 	/usr/lib/system/libsystem_blocks.dylib
0x000000000d178000 	/usr/lib/system/libsystem_c.dylib
0x000000000d178000 	/usr/lib/system/libsystem_configuration.dylib
0x000000000d178000 	/usr/lib/system/libsystem_coreservices.dylib
0x000000000d178000 	/usr/lib/system/libsystem_darwin.dylib
0x000000000d178000 	/usr/lib/system/libsystem_dnssd.dylib
0x000000000d178000 	/usr/lib/system/libsystem_info.dylib
0x000000000d178000 	/usr/lib/system/libsystem_m.dylib
0x000000000d178000 	/usr/lib/system/libsystem_malloc.dylib
0x000000000d178000 	/usr/lib/system/libsystem_networkextension.dylib
0x000000000d178000 	/usr/lib/system/libsystem_notify.dylib
0x000000000d178000 	/usr/lib/system/libsystem_sandbox.dylib
0x000000000d178000 	/usr/lib/system/libsystem_secinit.dylib
0x000000000d178000 	/usr/lib/system/libsystem_kernel.dylib
0x000000000d178000 	/usr/lib/system/libsystem_platform.dylib
0x000000000d178000 	/usr/lib/system/libsystem_pthread.dylib
0x000000000d178000 	/usr/lib/system/libsystem_symptoms.dylib
0x000000000d178000 	/usr/lib/system/libsystem_trace.dylib
0x000000000d178000 	/usr/lib/system/libunwind.dylib
0x000000000d178000 	/usr/lib/system/libxpc.dylib
0x000000000d178000 	/usr/lib/libbsm.0.dylib
0x000000000d178000 	/usr/lib/system/libkxld.dylib
0x000000000d178000 	/System/Library/PrivateFrameworks/AppleFSCompression.framework/Versions/A/AppleFSCompression
0x000000000d178000 	/usr/lib/libOpenScriptingUtil.dylib
0x000000000d178000 	/usr/lib/libcoretls.dylib
0x000000000d178000 	/usr/lib/libcoretls_cfhelpers.dylib
0x000000000d178000 	/usr/lib/libpam.2.dylib
0x000000000d178000 	/usr/lib/libsqlite3.dylib
0x000000000d178000 	/usr/lib/libxar.1.dylib
0x000000000d178000 	/usr/lib/libbz2.1.0.dylib
0x000000000d178000 	/usr/lib/liblzma.5.dylib
0x000000000d178000 	/usr/lib/libnetwork.dylib
0x000000000d178000 	/usr/lib/libapple_nghttp2.dylib
0x000000000d178000 	/usr/lib/libpcap.A.dylib
0x000000000d178000 	/System/Library/Frameworks/CoreServices.framework/Versions/A/Frameworks/FSEvents.framework/Versions/A/FSEvents
0x000000000d178000 	/System/Library/Frameworks/CoreServices.framework/Versions/A/Frameworks/CarbonCore.framework/Versions/A/CarbonCore
0x000000000d178000 	/System/Library/Frameworks/CoreServices.framework/Versions/A/Frameworks/Metadata.framework/Versions/A/Metadata
0x000000000d178000 	/System/Library/Frameworks/CoreServices.framework/Versions/A/Frameworks/OSServices.framework/Versions/A/OSServices
0x000000000d178000 	/System/Library/Frameworks/CoreServices.framework/Versions/A/Frameworks/SearchKit.framework/Versions/A/SearchKit
0x000000000d178000 	/System/Library/Frameworks/CoreServices.framework/Versions/A/Frameworks/AE.framework/Versions/A/AE
0x000000000d178000 	/System/Library/Frameworks/CoreServices.framework/Versions/A/Frameworks/LaunchServices.framework/Versions/A/LaunchServices
0x000000000d178000 	/System/Library/Frameworks/CoreServices.framework/Versions/A/Frameworks/DictionaryServices.framework/Versions/A/DictionaryServices
0x000000000d178000 	/System/Library/Frameworks/CoreServices.framework/Versions/A/Frameworks/SharedFileList.framework/Versions/A/SharedFileList
0x000000000d178000 	/System/Library/Frameworks/NetFS.framework/Versions/A/NetFS
0x000000000d178000 	/System/Library/PrivateFrameworks/NetAuth.framework/Versions/A/NetAuth
0x000000000d178000 	/System/Library/PrivateFrameworks/login.framework/Versions/A/Frameworks/loginsupport.framework/Versions/A/loginsupport
0x000000000d178000 	/System/Library/PrivateFrameworks/TCC.framework/Versions/A/TCC
0x000000000d178000 	/System/Library/PrivateFrameworks/CoreNLP.framework/Versions/A/CoreNLP
0x000000000d178000 	/System/Library/PrivateFrameworks/MetadataUtilities.framework/Versions/A/MetadataUtilities
0x000000000d178000 	/usr/lib/libmecabra.dylib
0x000000000d178000 	/System/Library/Frameworks/ApplicationServices.framework/Versions/A/Frameworks/ATS.framework/Versions/A/ATS
0x000000000d178000 	/System/Library/Frameworks/ApplicationServices.framework/Versions/A/Frameworks/ColorSyncLegacy.framework/Versions/A/ColorSyncLegacy
0x000000000d178000 	/System/Library/Frameworks/ApplicationServices.framework/Versions/A/Frameworks/HIServices.framework/Versions/A/HIServices
0x000000000d178000 	/System/Library/Frameworks/ApplicationServices.framework/Versions/A/Frameworks/LangAnalysis.framework/Versions/A/LangAnalysis
0x000000000d178000 	/System/Library/Frameworks/ApplicationServices.framework/Versions/A/Frameworks/PrintCore.framework/Versions/A/PrintCore
0x000000000d178000 	/System/Library/Frameworks/ApplicationServices.framework/Versions/A/Frameworks/QD.framework/Versions/A/QD
0x000000000d178000 	/System/Library/Frameworks/ApplicationServices.framework/Versions/A/Frameworks/SpeechSynthesis.framework/Versions/A/SpeechSynthesis
0x000000000d178000 	/usr/lib/libcompression.dylib
0x000000000d178000 	/System/Library/Frameworks/MetalPerformanceShaders.framework/Versions/A/MetalPerformanceShaders
0x000000000d178000 	/System/Library/Frameworks/Accelerate.framework/Versions/A/Frameworks/vImage.framework/Versions/A/vImage
0x000000000d178000 	/System/Library/Frameworks/Accelerate.framework/Versions/A/Frameworks/vecLib.framework/Versions/A/vecLib
0x000000000d178000 	/System/Library/Frameworks/Accelerate.framework/Versions/A/Frameworks/vecLib.framework/Versions/A/libvMisc.dylib
0x000000000d178000 	/System/Library/Frameworks/Accelerate.framework/Versions/A/Frameworks/vecLib.framework/Versions/A/libvDSP.dylib
0x000000000d178000 	/System/Library/Frameworks/Accelerate.framework/Versions/A/Frameworks/vecLib.framework/Versions/A/libBLAS.dylib
0x000000000d178000 	/System/Library/Frameworks/Accelerate.framework/Versions/A/Frameworks/vecLib.framework/Versions/A/libLAPACK.dylib
0x000000000d178000 	/System/Library/Frameworks/Accelerate.framework/Versions/A/Frameworks/vecLib.framework/Versions/A/libLinearAlgebra.dylib
0x000000000d178000 	/System/Library/Frameworks/Accelerate.framework/Versions/A/Frameworks/vecLib.framework/Versions/A/libSparseBLAS.dylib
0x000000000d178000 	/System/Library/Frameworks/Accelerate.framework/Versions/A/Frameworks/vecLib.framework/Versions/A/libQuadrature.dylib
0x000000000d178000 	/System/Library/Frameworks/Accelerate.framework/Versions/A/Frameworks/vecLib.framework/Versions/A/libBNNS.dylib
0x000000000d178000 	/System/Library/Frameworks/Accelerate.framework/Versions/A/Frameworks/vecLib.framework/Versions/A/libSparse.dylib
0x000000000d178000 	/System/Library/PrivateFrameworks/GPUWrangler.framework/Versions/A/GPUWrangler
0x000000000d178000 	/System/Library/PrivateFrameworks/IOAccelerator.framework/Versions/A/IOAccelerator
0x000000000d178000 	/System/Library/PrivateFrameworks/IOPresentment.framework/Versions/A/IOPresentment
0x000000000d178000 	/System/Library/PrivateFrameworks/DSExternalDisplay.framework/Versions/A/DSExternalDisplay
0x000000000d178000 	/System/Library/Frameworks/OpenGL.framework/Versions/A/Libraries/libCoreFSCache.dylib
0x000000000d178000 	/System/Library/Frameworks/MetalPerformanceShaders.framework/Frameworks/MPSCore.framework/Versions/A/MPSCore
0x000000000d178000 	/System/Library/Frameworks/MetalPerformanceShaders.framework/Frameworks/MPSImage.framework/Versions/A/MPSImage
0x000000000d178000 	/System/Library/Frameworks/MetalPerformanceShaders.framework/Frameworks/MPSNeuralNetwork.framework/Versions/A/MPSNeuralNetwork
0x000000000d178000 	/System/Library/Frameworks/MetalPerformanceShaders.framework/Frameworks/MPSMatrix.framework/Versions/A/MPSMatrix
0x000000000d178000 	/System/Library/Frameworks/MetalPerformanceShaders.framework/Frameworks/MPSRayIntersector.framework/Versions/A/MPSRayIntersector
0x000000000d178000 	/System/Library/PrivateFrameworks/MetalTools.framework/Versions/A/MetalTools
0x000000000d178000 	/System/Library/PrivateFrameworks/AggregateDictionary.framework/Versions/A/AggregateDictionary
0x000000000d178000 	/usr/lib/libMobileGestalt.dylib
0x000000000d178000 	/System/Library/Frameworks/CoreVideo.framework/Versions/A/CoreVideo
0x000000000d178000 	/System/Library/PrivateFrameworks/GraphVisualizer.framework/Versions/A/GraphVisualizer
0x000000000d178000 	/System/Library/PrivateFrameworks/FaceCore.framework/Versions/A/FaceCore
0x000000000d178000 	/System/Library/Frameworks/OpenCL.framework/Versions/A/OpenCL
0x000000000d178000 	/usr/lib/libFosl_dynamic.dylib
0x000000000d178000 	/System/Library/PrivateFrameworks/OTSVG.framework/Versions/A/OTSVG
0x000000000d178000 	/System/Library/Frameworks/ApplicationServices.framework/Versions/A/Frameworks/ATS.framework/Versions/A/Resources/libFontParser.dylib
0x000000000d178000 	/System/Library/Frameworks/ApplicationServices.framework/Versions/A/Frameworks/ATS.framework/Versions/A/Resources/libFontRegistry.dylib
0x000000000d178000 	/System/Library/Frameworks/ImageIO.framework/Versions/A/Resources/libJPEG.dylib
0x000000000d178000 	/System/Library/Frameworks/ImageIO.framework/Versions/A/Resources/libTIFF.dylib
0x000000000d178000 	/System/Library/Frameworks/ImageIO.framework/Versions/A/Resources/libPng.dylib
0x000000000d178000 	/System/Library/Frameworks/ImageIO.framework/Versions/A/Resources/libGIF.dylib
0x000000000d178000 	/System/Library/Frameworks/ImageIO.framework/Versions/A/Resources/libJP2.dylib
0x000000000d178000 	/System/Library/Frameworks/ImageIO.framework/Versions/A/Resources/libRadiance.dylib
0x000000000d178000 	/System/Library/PrivateFrameworks/AppleJPEG.framework/Versions/A/AppleJPEG
0x000000000d178000 	/System/Library/Frameworks/OpenGL.framework/Versions/A/Libraries/libGFXShared.dylib
0x000000000d178000 	/System/Library/Frameworks/OpenGL.framework/Versions/A/Libraries/libGLU.dylib
0x000000000d178000 	/System/Library/Frameworks/OpenGL.framework/Versions/A/Libraries/libGL.dylib
0x000000000d178000 	/System/Library/Frameworks/OpenGL.framework/Versions/A/Libraries/libGLImage.dylib
0x000000000d178000 	/System/Library/Frameworks/OpenGL.framework/Versions/A/Libraries/libCVMSPluginSupport.dylib
0x000000000d178000 	/System/Library/Frameworks/OpenGL.framework/Versions/A/Libraries/libCoreVMClient.dylib
0x000000000d178000 	/usr/lib/libcups.2.dylib
0x000000000d178000 	/System/Library/Frameworks/Kerberos.framework/Versions/A/Kerberos
0x000000000d178000 	/System/Library/Frameworks/GSS.framework/Versions/A/GSS
0x000000000d178000 	/usr/lib/libresolv.9.dylib
0x000000000d178000 	/usr/lib/libiconv.2.dylib
0x000000000d178000 	/System/Library/PrivateFrameworks/Heimdal.framework/Versions/A/Heimdal
0x000000000d178000 	/usr/lib/libheimdal-asn1.dylib
0x000000000d178000 	/System/Library/Frameworks/OpenDirectory.framework/Versions/A/OpenDirectory
0x000000000d178000 	/System/Library/PrivateFrameworks/CommonAuth.framework/Versions/A/CommonAuth
0x000000000d178000 	/System/Library/Frameworks/OpenDirectory.framework/Versions/A/Frameworks/CFOpenDirectory.framework/Versions/A/CFOpenDirectory
0x000000000d178000 	/System/Library/Frameworks/SecurityFoundation.framework/Versions/A/SecurityFoundation
0x000000000d178000 	/System/Library/PrivateFrameworks/APFS.framework/Versions/A/APFS
0x000000000d178000 	/usr/lib/libutil.dylib
0x000000000d178000 	/usr/lib/libcharset.1.dylib
0x000000000d178000 	/System/Library/PrivateFrameworks/AppleSauce.framework/Versions/A/AppleSauce
0x000000000d178000 	/System/Library/PrivateFrameworks/AssertionServices.framework/Versions/A/AssertionServices
0x000000000d178000 	/System/Library/PrivateFrameworks/BaseBoard.framework/Versions/A/BaseBoard
0x000000000d178000 	/usr/lib/libmecab.1.0.0.dylib
0x000000000d178000 	/usr/lib/libgermantok.dylib
0x000000000d178000 	/usr/lib/libThaiTokenizer.dylib
0x000000000d178000 	/usr/lib/libChineseTokenizer.dylib
0x000000000d178000 	/System/Library/PrivateFrameworks/LanguageModeling.framework/Versions/A/LanguageModeling
0x000000000d178000 	/System/Library/PrivateFrameworks/CoreEmoji.framework/Versions/A/CoreEmoji
0x000000000d178000 	/System/Library/PrivateFrameworks/Lexicon.framework/Versions/A/Lexicon
0x000000000d178000 	/System/Library/PrivateFrameworks/LinguisticData.framework/Versions/A/LinguisticData
0x000000000d178000 	/usr/lib/libcmph.dylib
0x000000000d178000 	/System/Library/Frameworks/ServiceManagement.framework/Versions/A/ServiceManagement
0x000000000d178000 	/System/Library/PrivateFrameworks/BackgroundTaskManagement.framework/Versions/A/BackgroundTaskManagement
0x000000000d178000 	/usr/lib/libxslt.1.dylib
0x000000000d178000 	/System/Library/Frameworks/Carbon.framework/Versions/A/Frameworks/Ink.framework/Versions/A/Ink
0x000000000d178000 	/System/Library/PrivateFrameworks/TextureIO.framework/Versions/A/TextureIO
0x000000000d178000 	/usr/lib/libate.dylib
0x000000000d178000 	/System/Library/PrivateFrameworks/CrashReporterSupport.framework/Versions/A/CrashReporterSupport
0x000000000d178000 	/System/Library/PrivateFrameworks/Sharing.framework/Versions/A/Sharing
0x000000000d178000 	/System/Library/PrivateFrameworks/AuthKit.framework/Versions/A/AuthKit
0x000000000d178000 	/System/Library/PrivateFrameworks/Apple80211.framework/Versions/A/Apple80211
0x000000000d178000 	/System/Library/PrivateFrameworks/CoreUtils.framework/Versions/A/CoreUtils
0x000000000d178000 	/System/Library/Frameworks/CoreWLAN.framework/Versions/A/CoreWLAN
0x000000000d178000 	/System/Library/Frameworks/IOBluetooth.framework/Versions/A/IOBluetooth
0x000000000d178000 	/System/Library/PrivateFrameworks/ProtocolBuffer.framework/Versions/A/ProtocolBuffer
0x000000000d178000 	/System/Library/PrivateFrameworks/MobileKeyBag.framework/Versions/A/MobileKeyBag
0x000000000d178000 	/System/Library/PrivateFrameworks/CorePhoneNumbers.framework/Versions/A/CorePhoneNumbers
0x000000000d178000 	/System/Library/PrivateFrameworks/AppleIDAuthSupport.framework/Versions/A/AppleIDAuthSupport
0x000000000d178000 	/System/Library/PrivateFrameworks/KeychainCircle.framework/Versions/A/KeychainCircle
0x000000000d178000 	/System/Library/PrivateFrameworks/ROCKit.framework/Versions/A/ROCKit
0x000000000d178000 	/System/Library/PrivateFrameworks/CoreWiFi.framework/Versions/A/CoreWiFi
0x000000000d178000 	/System/Library/Frameworks/CoreBluetooth.framework/Versions/A/CoreBluetooth
0x000000000d178000 	/System/Library/PrivateFrameworks/DebugSymbols.framework/Versions/A/DebugSymbols
0x000000000d178000 	/System/Library/PrivateFrameworks/CoreSymbolication.framework/Versions/A/CoreSymbolication
0x000000000d178000 	/System/Library/PrivateFrameworks/Symbolication.framework/Versions/A/Symbolication
0x000000000d178000 	/System/Library/PrivateFrameworks/SpeechRecognitionCore.framework/Versions/A/SpeechRecognitionCore
0x000000010eaec000 	/Library/Java/JavaVirtualMachines/jdk1.8.0_111.jdk/Contents/Home/jre/lib/server/libjvm.dylib
0x000000000d178000 	/usr/lib/libstdc++.6.dylib
0x000000010fa8d000 	/Library/Java/JavaVirtualMachines/jdk1.8.0_111.jdk/Contents/Home/jre/lib/libverify.dylib
0x000000010fa9b000 	/Library/Java/JavaVirtualMachines/jdk1.8.0_111.jdk/Contents/Home/jre/lib/libjava.dylib
0x000000010fb1a000 	/Library/Java/JavaVirtualMachines/jdk1.8.0_111.jdk/Contents/Home/jre/lib/libzip.dylib
0x000000000d178000 	/System/Library/Frameworks/JavaVM.framework/Versions/A/Frameworks/JavaRuntimeSupport.framework/Versions/A/JavaRuntimeSupport
0x000000000d178000 	/System/Library/Frameworks/JavaVM.framework/Versions/A/Frameworks/JavaNativeFoundation.framework/Versions/A/JavaNativeFoundation
0x000000000d178000 	/System/Library/Frameworks/JavaVM.framework/Versions/A/JavaVM
0x000000000d178000 	/System/Library/Frameworks/Carbon.framework/Versions/A/Carbon
0x000000000d178000 	/System/Library/PrivateFrameworks/JavaLaunching.framework/Versions/A/JavaLaunching
0x000000000d178000 	/System/Library/Frameworks/Carbon.framework/Versions/A/Frameworks/CommonPanels.framework/Versions/A/CommonPanels
0x000000000d178000 	/System/Library/Frameworks/Carbon.framework/Versions/A/Frameworks/Help.framework/Versions/A/Help
0x000000000d178000 	/System/Library/Frameworks/Carbon.framework/Versions/A/Frameworks/ImageCapture.framework/Versions/A/ImageCapture
0x000000000d178000 	/System/Library/Frameworks/Carbon.framework/Versions/A/Frameworks/OpenScripting.framework/Versions/A/OpenScripting
0x000000000d178000 	/System/Library/Frameworks/Carbon.framework/Versions/A/Frameworks/Print.framework/Versions/A/Print
0x000000000d178000 	/System/Library/Frameworks/Carbon.framework/Versions/A/Frameworks/SecurityHI.framework/Versions/A/SecurityHI
0x00000001186ca000 	/Library/Java/JavaVirtualMachines/jdk1.8.0_111.jdk/Contents/Home/jre/lib/libawt.dylib
0x0000000118772000 	/Library/Java/JavaVirtualMachines/jdk1.8.0_111.jdk/Contents/Home/jre/lib/./libmlib_image.dylib
0x000000011883e000 	/Library/Java/JavaVirtualMachines/jdk1.8.0_111.jdk/Contents/Home/jre/lib/libawt_lwawt.dylib
0x00000001188f3000 	/Library/Java/JavaVirtualMachines/jdk1.8.0_111.jdk/Contents/Home/jre/lib/./libosxapp.dylib
0x000000000d178000 	/System/Library/Frameworks/ExceptionHandling.framework/Versions/A/ExceptionHandling
0x000000000d178000 	/System/Library/PrivateFrameworks/CoreServicesInternal.framework/Versions/A/CoreServicesInternal
0x000000000d178000 	/System/Library/CoreServices/RawCamera.bundle/Contents/MacOS/RawCamera
0x000000000d178000 	/System/Library/PrivateFrameworks/MobileAsset.framework/Versions/A/MobileAsset
0x000000000d178000 	/System/Library/PrivateFrameworks/StreamingZip.framework/Versions/A/StreamingZip
0x000000000d178000 	/System/Library/Frameworks/MediaToolbox.framework/Versions/A/MediaToolbox
0x000000000d178000 	/System/Library/PrivateFrameworks/CoreAVCHD.framework/Versions/A/CoreAVCHD
0x000000000d178000 	/System/Library/Frameworks/MediaAccessibility.framework/Versions/A/MediaAccessibility
0x000000000d178000 	/System/Library/PrivateFrameworks/Mangrove.framework/Versions/A/Mangrove
0x000000000d178000 	/System/Library/Frameworks/CoreMedia.framework/Versions/A/CoreMedia
0x000000000d178000 	/System/Library/Frameworks/VideoToolbox.framework/Versions/A/VideoToolbox
0x000000000d178000 	/System/Library/PrivateFrameworks/CoreAUC.framework/Versions/A/CoreAUC
0x000000000d178000 	/usr/lib/libspindump.dylib
0x000000000d178000 	/System/Library/PrivateFrameworks/AppleVA.framework/Versions/A/AppleVA
0x000000000d178000 	/System/Library/Frameworks/Accelerate.framework/Versions/A/Frameworks/vImage.framework/Versions/A/Libraries/libCGInterfaces.dylib
0x000000000d178000 	/System/Library/Frameworks/ApplicationServices.framework/Versions/A/Frameworks/ATS.framework/Versions/A/Resources/libTrueTypeScaler.dylib
0x000000000d178000 	/System/Library/Extensions/AppleIntelBDWGraphicsMTLDriver.bundle/Contents/MacOS/AppleIntelBDWGraphicsMTLDriver
0x000000000d178000 	/System/Library/PrivateFrameworks/GPUCompiler.framework/Versions/3902/Libraries/libmetal_timestamp.dylib
0x000000000d178000 	/System/Library/PrivateFrameworks/FamilyControls.framework/Versions/A/FamilyControls
0x000000000d178000 	/System/Library/PrivateFrameworks/CommerceKit.framework/Versions/A/Frameworks/CommerceCore.framework/Versions/A/CommerceCore
0x000000000d178000 	/System/Library/PrivateFrameworks/SystemAdministration.framework/Versions/A/SystemAdministration
0x000000000d178000 	/System/Library/PrivateFrameworks/AppContainer.framework/Versions/A/AppContainer
0x000000000d178000 	/System/Library/PrivateFrameworks/AppSandbox.framework/Versions/A/AppSandbox
0x000000000d178000 	/System/Library/PrivateFrameworks/SecCodeWrapper.framework/Versions/A/SecCodeWrapper
0x000000000d178000 	/usr/lib/libsandbox.1.dylib
0x000000000d178000 	/usr/lib/libMatch.1.dylib
0x000000000d178000 	/System/Library/PrivateFrameworks/DiskManagement.framework/Versions/A/DiskManagement
0x000000000d178000 	/System/Library/Frameworks/DirectoryService.framework/Versions/A/DirectoryService
0x000000000d178000 	/System/Library/PrivateFrameworks/DiskImages.framework/Versions/A/DiskImages
0x000000000d178000 	/System/Library/PrivateFrameworks/LoginUIKit.framework/Versions/A/Frameworks/LoginUICore.framework/Versions/A/LoginUICore
0x000000000d178000 	/usr/lib/libCoreStorage.dylib
0x000000000d178000 	/usr/lib/libcsfde.dylib
0x000000000d178000 	/usr/lib/libodfde.dylib
0x000000000d178000 	/System/Library/PrivateFrameworks/MediaKit.framework/Versions/A/MediaKit
0x000000000d178000 	/System/Library/Frameworks/DiscRecording.framework/Versions/A/DiscRecording
0x000000000d178000 	/System/Library/PrivateFrameworks/EFILogin.framework/Versions/A/EFILogin
0x000000000d178000 	/System/Library/PrivateFrameworks/ProtectedCloudStorage.framework/Versions/A/ProtectedCloudStorage
0x000000000d178000 	/usr/lib/libcurl.4.dylib
0x000000000d178000 	/usr/lib/libcrypto.42.dylib
0x000000000d178000 	/usr/lib/libssl.44.dylib
0x000000000d178000 	/System/Library/Frameworks/LDAP.framework/Versions/A/LDAP
0x000000000d178000 	/System/Library/PrivateFrameworks/TrustEvaluationAgent.framework/Versions/A/TrustEvaluationAgent
0x000000000d178000 	/usr/lib/libsasl2.2.dylib
0x000000000d178000 	/System/Library/PrivateFrameworks/CoreDaemon.framework/Versions/B/CoreDaemon
0x000000000d178000 	/System/Library/PrivateFrameworks/AppleSRP.framework/Versions/A/AppleSRP
0x000000000d178000 	/System/Library/PrivateFrameworks/ViewBridge.framework/Versions/A/ViewBridge
0x000000000d178000 	/System/Library/Frameworks/OpenGL.framework/Versions/A/Resources/GLEngine.bundle/GLEngine
0x000000000d178000 	/System/Library/Frameworks/OpenGL.framework/Versions/A/Libraries/libGLProgrammability.dylib
0x000000000d178000 	/System/Library/Extensions/AppleIntelBDWGraphicsGLDriver.bundle/Contents/MacOS/AppleIntelBDWGraphicsGLDriver
0x000000000d178000 	/System/Library/PrivateFrameworks/GPUSupport.framework/Versions/A/Libraries/libGPUSupportMercury.dylib
0x000000000d178000 	/System/Library/Frameworks/OpenGL.framework/Versions/A/Resources/GLRendererFloat.bundle/GLRendererFloat
0x000000000d178000 	/System/Library/Frameworks/OpenCL.framework/Versions/A/Libraries/libcldcpuengine.dylib
0x000000000d178000 	/usr/lib/libcrypto.35.dylib
0x000000011bba5000 	/Library/Java/JavaVirtualMachines/jdk1.8.0_111.jdk/Contents/Home/jre/lib/libfontmanager.dylib
0x000000011bc52000 	/usr/lib/libobjc-trampolines.dylib
0x000000012c2a2000 	/Library/Java/JavaVirtualMachines/jdk1.8.0_111.jdk/Contents/Home/jre/lib/libosxui.dylib
0x000000012cd87000 	/Library/Java/JavaVirtualMachines/jdk1.8.0_111.jdk/Contents/Home/jre/lib/libnet.dylib
0x000000012ccd9000 	/Library/Java/JavaVirtualMachines/jdk1.8.0_111.jdk/Contents/Home/jre/lib/libnio.dylib
0x0000000119cf0000 	/private/var/folders/pz/j8__826d4wgc8hwg930pq10h0000gn/T/jogamp_0000/file_cache/jln516728061969583796/jln115876404916278765/libgluegen-rt.jnilib
0x0000000119cf5000 	/private/var/folders/pz/j8__826d4wgc8hwg930pq10h0000gn/T/jogamp_0000/file_cache/jln516728061969583796/jln115876404916278765/libnativewindow_awt.jnilib
0x0000000119cf8000 	/Library/Java/JavaVirtualMachines/jdk1.8.0_111.jdk/Contents/Home/jre/lib/libjawt.dylib
0x0000000119cfb000 	/private/var/folders/pz/j8__826d4wgc8hwg930pq10h0000gn/T/jogamp_0000/file_cache/jln516728061969583796/jln115876404916278765/libnativewindow_macosx.jnilib
0x000000011a612000 	/private/var/folders/pz/j8__826d4wgc8hwg930pq10h0000gn/T/jogamp_0000/file_cache/jln516728061969583796/jln115876404916278765/libjogl_desktop.jnilib

VM Arguments:
jvm_args: -Djava.security.policy=java.policy.applet -Dfile.encoding=UTF-8 
java_command: sun.applet.AppletViewer averageTemperatureByCountry.TempByCountryMap1574736184809.html
java_class_path (initial): /Users/meitalofri/Documents/workspace/averageTemperatureByCountry/bin:/Users/meitalofri/Documents/workspace/averageTemperatureByCountry/lib/core.jar:/Users/meitalofri/Documents/workspace/averageTemperatureByCountry/lib/gluegen-rt.jar:/Users/meitalofri/Documents/workspace/averageTemperatureByCountry/lib/jogl-all.jar:/Users/meitalofri/Documents/workspace/averageTemperatureByCountry/lib/json4processing.jar:/Users/meitalofri/Documents/workspace/averageTemperatureByCountry/lib/libTUIO.jar:/Users/meitalofri/Documents/workspace/averageTemperatureByCountry/lib/log4j-1.2.15.jar:/Users/meitalofri/Documents/workspace/averageTemperatureByCountry/lib/sqlite-jdbc-3.7.2.jar:/Users/meitalofri/Documents/workspace/averageTemperatureByCountry/lib/unfolding.0.9.7-uscd.jar
Launcher Type: SUN_STANDARD

Environment Variables:
PATH=/usr/bin:/bin:/usr/sbin:/sbin
SHELL=/bin/bash

Signal Handlers:
SIGSEGV: [libjvm.dylib+0x5b03ed], sa_mask[0]=11111111011111110111111111111111, sa_flags=SA_ONSTACK|SA_RESTART|SA_SIGINFO
SIGBUS: [libjvm.dylib+0x5b03ed], sa_mask[0]=11111111011111110111111111111111, sa_flags=SA_RESTART|SA_SIGINFO
SIGFPE: [libjvm.dylib+0x48711c], sa_mask[0]=11111111011111110111111111111111, sa_flags=SA_RESTART|SA_SIGINFO
SIGPIPE: [libjvm.dylib+0x48711c], sa_mask[0]=11111111011111110111111111111111, sa_flags=SA_RESTART|SA_SIGINFO
SIGXFSZ: [libjvm.dylib+0x48711c], sa_mask[0]=11111111011111110111111111111111, sa_flags=SA_RESTART|SA_SIGINFO
SIGILL: [libjvm.dylib+0x48711c], sa_mask[0]=11111111011111110111111111111111, sa_flags=SA_RESTART|SA_SIGINFO
SIGUSR1: SIG_DFL, sa_mask[0]=00000000000000000000000000000000, sa_flags=none
SIGUSR2: [libjvm.dylib+0x486c3a], sa_mask[0]=00100000000000000000000000000000, sa_flags=SA_RESTART|SA_SIGINFO
SIGHUP: [libjvm.dylib+0x485211], sa_mask[0]=11111111011111110111111111111111, sa_flags=SA_RESTART|SA_SIGINFO
SIGINT: [libjvm.dylib+0x485211], sa_mask[0]=11111111011111110111111111111111, sa_flags=SA_RESTART|SA_SIGINFO
SIGTERM: [libjvm.dylib+0x485211], sa_mask[0]=11111111011111110111111111111111, sa_flags=SA_RESTART|SA_SIGINFO
SIGQUIT: [libjvm.dylib+0x485211], sa_mask[0]=11111111011111110111111111111111, sa_flags=SA_RESTART|SA_SIGINFO


---------------  S Y S T E M  ---------------

OS:Bsduname:Darwin 18.7.0 Darwin Kernel Version 18.7.0: Sat Oct 12 00:02:19 PDT 2019; root:xnu-4903.278.12~1/RELEASE_X86_64 x86_64
rlimit: STACK 8192k, CORE 0k, NPROC 709, NOFILE 10240, AS infinity
load average:2.41 1.89 3.17

CPU:total 4 (2 cores per cpu, 2 threads per core) family 6 model 61 stepping 4, cmov, cx8, fxsr, mmx, sse, sse2, sse3, ssse3, sse4.1, sse4.2, popcnt, avx, avx2, aes, clmul, erms, 3dnowpref, lzcnt, ht, tsc, tscinvbit, bmi1, bmi2, adx

Memory: 4k page, physical 8388608k(242480k free)

/proc/meminfo:


vm_info: Java HotSpot(TM) 64-Bit Server VM (25.111-b14) for bsd-amd64 JRE (1.8.0_111-b14), built on Sep 22 2016 15:31:41 by "java_re" with gcc 4.2.1 (Based on Apple Inc. build 5658) (LLVM build 2336.11.00)

time: Mon Nov 25 21:43:45 2019
elapsed time: 40 seconds (0d 0h 0m 40s)

